Copyright 1986-2022 Xilinx, Inc. All Rights Reserved. Copyright 2022-2023 Advanced Micro Devices, Inc. All Rights Reserved.
---------------------------------------------------------------------------------------------------------------------------------------------
| Tool Version : Vivado v.2023.2 (win64) Build 4029153 Fri Oct 13 20:14:34 MDT 2023
| Date         : Fri Jun 14 15:10:42 2024
| Host         : xiaoxin15pro running 64-bit major release  (build 9200)
| Command      : upgrade_project -migrate_output_products
| Project_Path : D:/vv code/NSCSCC2021FinalCode-final_mem_speed/thinpad_top.xpr
---------------------------------------------------------------------------------------------------------------------------------------------

Project Status Summary

1. Project IP Status
--------------------
This project contains 3 IP and 0 Block Designs.


1.1 Project IP Instances
+---------------+-------------------------+-------------------------------------+-------------------------------------+
| Instance Name | Status                  | Reason                              | Recommendation                      |
+---------------+-------------------------+-------------------------------------+-------------------------------------+
| blk_mem_gen_0 | Will be Migrated.       |                                     |                                     |
+---------------+-------------------------+-------------------------------------+-------------------------------------+
| mult_gen_0    | Will be Migrated.       |                                     |                                     |
+---------------+-------------------------+-------------------------------------+-------------------------------------+
| pll_example   | Will be Migrated.       |                                     |                                     |
+---------------+-------------------------+-------------------------------------+-------------------------------------+



